<?xml version="1.0" encoding="UTF-8"?>
<testng-results ignored="0" total="1" passed="1" failed="0" skipped="0">
  <reporter-output>
  </reporter-output>
  <suite started-at="2022-12-01T13:35:07 IST" name="Default suite" finished-at="2022-12-01T13:35:44 IST" duration-ms="37165">
    <groups>
    </groups>
    <test started-at="2022-12-01T13:35:07 IST" name="Default test" finished-at="2022-12-01T13:35:44 IST" duration-ms="37165">
      <class name="module_login_test.neostox_login_Testclass_1">
        <test-method is-config="true" signature="openthebrowser()[pri:0, instance:module_login_test.neostox_login_Testclass_1@209da20d]" started-at="2022-12-01T13:35:07 IST" name="openthebrowser" finished-at="2022-12-01T13:35:23 IST" duration-ms="15817" status="PASS">
          <reporter-output>
          </reporter-output>
        </test-method> <!-- openthebrowser -->
        <test-method is-config="true" signature="opentheapp()[pri:0, instance:module_login_test.neostox_login_Testclass_1@209da20d]" started-at="2022-12-01T13:35:23 IST" name="opentheapp" finished-at="2022-12-01T13:35:44 IST" duration-ms="21147" status="PASS">
          <reporter-output>
          </reporter-output>
        </test-method> <!-- opentheapp -->
        <test-method signature="varifyuser()[pri:0, instance:module_login_test.neostox_login_Testclass_1@209da20d]" started-at="2022-12-01T13:35:44 IST" name="varifyuser" finished-at="2022-12-01T13:35:44 IST" duration-ms="12" status="PASS">
          <reporter-output>
          </reporter-output>
        </test-method> <!-- varifyuser -->
        <test-method is-config="true" signature="logout()[pri:0, instance:module_login_test.neostox_login_Testclass_1@209da20d]" started-at="2022-12-01T13:35:44 IST" name="logout" finished-at="2022-12-01T13:35:44 IST" duration-ms="1" status="PASS">
          <reporter-output>
          </reporter-output>
        </test-method> <!-- logout -->
        <test-method is-config="true" signature="closebrowser()[pri:0, instance:module_login_test.neostox_login_Testclass_1@209da20d]" started-at="2022-12-01T13:35:44 IST" name="closebrowser" finished-at="2022-12-01T13:35:44 IST" duration-ms="1" status="PASS">
          <reporter-output>
          </reporter-output>
        </test-method> <!-- closebrowser -->
      </class> <!-- module_login_test.neostox_login_Testclass_1 -->
    </test> <!-- Default test -->
  </suite> <!-- Default suite -->
</testng-results>
